Drill Listing
=============
Drill: .00394  Tool: 1  Feed: 0  Speed: 0
X 1968942  Y 2005994
X 1968942  Y 2014261
X 1968942  Y 2011505
X 1968942  Y 1997726
X 1968942  Y 2008750
X 1968942  Y 2000482
X 1968942  Y 2003238
X 1972290  Y 2004616
X 1972290  Y 2007372
X 1972290  Y 2001860
X 1972290  Y 2010127
X 1972290  Y 2012883
X 1972290  Y 2015639
X 1972363  Y 1999104
X 1976087  Y 2014261
X 1976087  Y 2008750
X 1976087  Y 2005994
X 1976087  Y 2003238
X 1976087  Y 2011650
X 1976087  Y 2000482
X 1979435  Y 2010127
X 1979435  Y 2012883
X 1979435  Y 2015639
X 1979435  Y 2007372
X 1979435  Y 2004616
X 1979435  Y 2001860
X 1979435  Y 1999104
X 1992750  Y 2012500
X 1992750  Y 2015000
X 1992750  Y 2002500
X 1995250  Y 2005000
X 1995250  Y 2010000
X 1995250  Y 2007500
X 1995250  Y 2000000
X 1998250  Y 2015000
X 1998250  Y 2005000
X 1998250  Y 2007500
X 1998250  Y 2012500
X 1998250  Y 2010000
X 1998250  Y 2000000
X 1998250  Y 2002500
X 2001250  Y 2010000
X 2001250  Y 2005000
X 2001250  Y 2012500
X 2001250  Y 2015000
X 2001250  Y 2000000
X 2001250  Y 2007500
X 2001250  Y 2002500
X 2001750  Y 1993750
X 2002025  Y 1995975
X 2001250  Y 2020000
X 2001250  Y 2022500
X 2001250  Y 2017500
X 1998250  Y 2017500
X 1998250  Y 2020000
X 1998250  Y 2022500
X 1995250  Y 2020000
X 1992750  Y 2017500
X 1979435  Y 2018395
X 1976087  Y 2017017
X 1975388  Y 2024385
X 1972290  Y 2018395
X 1970100  Y 2024075
X 1968942  Y 2017017

Drill: .016  Tool: 2  Feed: 95  Speed: 300
X 2006600  Y 2007126
X 2006600  Y 2013622

Drill: .032  Tool: 3  Feed: 197  Speed: 550
X 2006600  Y 1991250
X 2006600  Y 2026250

End of Listing
